<?xml version="1.0" encoding="UTF-8"?>
<!-- Generated by org.testng.reporters.JUnitXMLReporter -->
<testsuite ignored="3" hostname="DESKTOP-BFV7AEF" failures="1" tests="2" name="search" time="13.21" errors="0" timestamp="2024-10-07T17:32:25 IST">
  <testcase classname="com.amazon.search.Search" name="validate_Search" time="4.132"/>
  <testcase classname="com.amazon.search.Search" name="validate_brands" time="0.633">
    <failure type="java.lang.AssertionError" message="expected [true] but found [false]">
      <![CDATA[java.lang.AssertionError: expected [true] but found [false]
at com.amazon.search.Search.validate_brands(Search.java:77)
at java.base/java.util.ArrayList.forEach(ArrayList.java:1511)
... Removed 33 stack frames]]>
    </failure>
  </testcase> <!-- validate_brands -->
  <testcase classname="com.amazon.search.Search" name="validate_Pagination" time="0.0">
    <ignored/>
  </testcase> <!-- validate_Pagination -->
  <testcase classname="com.amazon.search.Search" name="validate_SearchResult" time="0.0">
    <ignored/>
  </testcase> <!-- validate_SearchResult -->
  <testcase classname="com.amazon.search.Search" name="validate_ItemsPriceList" time="0.0">
    <ignored/>
  </testcase> <!-- validate_ItemsPriceList -->
</testsuite> <!-- search -->
